[debug] [2024-07-09T12:10:08.122Z] ----------------------------------------------------------------------
[debug] [2024-07-09T12:10:08.124Z] Command:       C:\Program Files\nodejs\node.exe C:\Program Files\nodejs\node_modules\firebase-tools\lib\bin\firebase.js deploy --only hosting
[debug] [2024-07-09T12:10:08.125Z] CLI Version:   13.0.2
[debug] [2024-07-09T12:10:08.125Z] Platform:      win32
[debug] [2024-07-09T12:10:08.125Z] Node Version:  v18.19.0
[debug] [2024-07-09T12:10:08.133Z] Time:          Tue Jul 09 2024 12:10:08 GMT+0000 (Greenwich Mean Time)
[debug] [2024-07-09T12:10:08.134Z] ----------------------------------------------------------------------
[debug] 
[debug] [2024-07-09T12:10:08.147Z] >>> [apiv2][query] GET https://firebase-public.firebaseio.com/cli.json [none]
[debug] [2024-07-09T12:10:08.283Z] > command requires scopes: ["email","openid","https://www.googleapis.com/auth/cloudplatformprojects.readonly","https://www.googleapis.com/auth/firebase","https://www.googleapis.com/auth/cloud-platform"]
[debug] [2024-07-09T12:10:08.283Z] > authorizing via signed-in user (ricknick380@gmail.com)
[debug] [2024-07-09T12:10:08.284Z] [iam] checking project laboratory-hosting for permissions ["firebase.projects.get","firebasehosting.sites.update"]
[debug] [2024-07-09T12:10:08.285Z] > refreshing access token with scopes: []
[debug] [2024-07-09T12:10:08.286Z] >>> [apiv2][query] POST https://www.googleapis.com/oauth2/v3/token [none]
[debug] [2024-07-09T12:10:08.286Z] >>> [apiv2][body] POST https://www.googleapis.com/oauth2/v3/token [omitted]
[debug] [2024-07-09T12:10:08.292Z] *** [apiv2] error from fetch(https://firebase-public.firebaseio.com/cli.json, {"headers":{},"method":"GET"}): FetchError: request to https://firebase-public.firebaseio.com/cli.json failed, reason: getaddrinfo ENOTFOUND firebase-public.firebaseio.com
[warn] !  Unable to fetch the CLI MOTD and remote config. This is not a fatal error, but may indicate an issue with your network connection. 
[debug] [2024-07-09T12:10:08.294Z] Failed to fetch MOTD FirebaseError: Failed to make request to https://firebase-public.firebaseio.com/cli.json
[debug] [2024-07-09T12:10:08.295Z] *** [apiv2] error from fetch(https://www.googleapis.com/oauth2/v3/token, {"headers":{},"method":"POST","body":{"_overheadLength":545,"_valueLength":212,"_valuesToMeasure":[],"writable":false,"readable":true,"dataSize":0,"maxDataSize":2097152,"pauseStreams":true,"_released":true,"_streams":[],"_currentStream":null,"_insideLoop":false,"_pendingNext":false,"_boundary":"--------------------------875055979730209431148480","_events":{},"_eventsCount":1}}): FetchError: request to https://www.googleapis.com/oauth2/v3/token failed, reason: getaddrinfo ENOTFOUND www.googleapis.com
[debug] [2024-07-09T12:10:08.295Z] [iam] error while checking permissions, command may fail: FirebaseError: Authentication Error: Your credentials are no longer valid. Please run firebase login --reauth

For CI servers and headless environments, generate a new token with firebase login:ci
[debug] [2024-07-09T12:10:08.295Z] > refreshing access token with scopes: []
[debug] [2024-07-09T12:10:08.296Z] >>> [apiv2][query] POST https://www.googleapis.com/oauth2/v3/token [none]
[debug] [2024-07-09T12:10:08.296Z] >>> [apiv2][body] POST https://www.googleapis.com/oauth2/v3/token [omitted]
[debug] [2024-07-09T12:10:08.301Z] *** [apiv2] error from fetch(https://www.googleapis.com/oauth2/v3/token, {"headers":{},"method":"POST","body":{"_overheadLength":545,"_valueLength":212,"_valuesToMeasure":[],"writable":false,"readable":true,"dataSize":0,"maxDataSize":2097152,"pauseStreams":true,"_released":true,"_streams":[],"_currentStream":null,"_insideLoop":false,"_pendingNext":false,"_boundary":"--------------------------970920128163497111574429","_events":{},"_eventsCount":1}}): FetchError: request to https://www.googleapis.com/oauth2/v3/token failed, reason: getaddrinfo ENOTFOUND www.googleapis.com
[debug] [2024-07-09T12:10:08.301Z] Authentication Error: Your credentials are no longer valid. Please run firebase login --reauth

For CI servers and headless environments, generate a new token with firebase login:ci
[error] 
[error] Error: Assertion failed: resolving hosting target of a site with no site name or target name. This should have caused an error earlier
